118 : 2021-03-17 14:33:20,103 : INFO : telemetry.main : Attempt start. Configuration directory [/home/odl_user/.azure].
118 : 2021-03-17 14:33:20,103 : INFO : telemetry.check : Positive: The /home/odl_user/.azure/telemetry.txt does not exist.
118 : 2021-03-17 14:33:20,103 : DEBUG : telemetry.note : acquiring lock
118 : 2021-03-17 14:33:20,104 : DEBUG : telemetry.note : acquired lock
118 : 2021-03-17 14:33:20,104 : INFO : telemetry.note : Update the note mtime to 2021-03-17 14:33:20.104120
118 : 2021-03-17 14:33:20,104 : WARNING : telemetry.note : Fail to parse or read the timestamp 'N/A' in the note file. Set the last send time to minimal. Reason: not readable
118 : 2021-03-17 14:33:20,104 : INFO : telemetry.records : No cache to be uploaded.
118 : 2021-03-17 14:33:20,104 : INFO : telemetry.client : Accumulated 0 events. Flush the clients.
118 : 2021-03-17 14:33:20,104 : INFO : telemetry.note : Update the last send in note to 0001-01-01 00:00:00
118 : 2021-03-17 14:33:20,104 : INFO : telemetry.note : Update the note mtime to 2021-03-17 14:33:20.104720
109 : 2021-03-17 14:51:33,917 : INFO : telemetry.main : Attempt start. Configuration directory [/home/odl_user/.azure].
109 : 2021-03-17 14:51:33,918 : INFO : telemetry.check : Returns Positive.
109 : 2021-03-17 14:51:33,918 : DEBUG : telemetry.note : acquiring lock
109 : 2021-03-17 14:51:33,918 : DEBUG : telemetry.note : acquired lock
109 : 2021-03-17 14:51:33,918 : INFO : telemetry.note : Update the note mtime to 2021-03-17 14:51:33.918437
109 : 2021-03-17 14:51:33,923 : WARNING : telemetry.note : Fail to parse or read the timestamp '1-01-01T00:00:00' in the note file. Set the last send time to minimal. Reason: time data '1-01-01T00:00:00' does not match format '%Y-%m-%dT%H:%M:%S'
109 : 2021-03-17 14:51:33,923 : INFO : telemetry.records : No cache to be uploaded.
109 : 2021-03-17 14:51:33,923 : INFO : telemetry.client : Accumulated 0 events. Flush the clients.
109 : 2021-03-17 14:51:33,923 : INFO : telemetry.note : Update the last send in note to 0001-01-01 00:00:00
109 : 2021-03-17 14:51:33,923 : INFO : telemetry.note : Update the note mtime to 2021-03-17 14:51:33.923968
